<?xml version="1.0" encoding="UTF-8"?>
<!-- Generated by org.testng.reporters.JUnitReportReporter -->
<testsuite skipped="0" hostname="Ninad-PC" name="com.ninad.project.testng.TestNG.TestMyMethods" tests="5" failures="0" timestamp="14 Jul 2018 14:10:53 GMT" time="1.928" errors="0">
  <testcase name="testAuthenticateMethod" time="1.724" classname="com.ninad.project.testng.TestNG.TestMyMethods"/>
  <testcase name="testAuthenticateMethod" time="0.001" classname="com.ninad.project.testng.TestNG.TestMyMethods"/>
  <testcase name="testAuthenticateMethod" time="0.175" classname="com.ninad.project.testng.TestNG.TestMyMethods"/>
  <testcase name="testAuthenticateMethod" time="0.005" classname="com.ninad.project.testng.TestNG.TestMyMethods"/>
  <testcase name="testAuthenticateMethod" time="0.023" classname="com.ninad.project.testng.TestNG.TestMyMethods"/>
</testsuite> <!-- com.ninad.project.testng.TestNG.TestMyMethods -->
